# JRE version: OpenJDK Runtime Environment (17.0.7) (build 17.0.7+0-b2043.56-10550314)
# Java VM: OpenJDK 64-Bit Server VM (17.0.7+0-b2043.56-10550314, mixed mode, tiered, compressed oops, compressed class ptrs, g1 gc, windows-amd64)
GC Precious Log:
 CPUs: 16 total, 16 available
 Memory: 7893M
 Large Page Support: Disabled
 NUMA Support: Disabled
 Compressed Oops: Enabled (32-bit)
 Heap Region Size: 1M
 Heap Min Capacity: 8M
 Heap Initial Capacity: 124M
 Heap Max Capacity: 2G
 Pre-touch: Disabled
 Parallel Workers: 13
 Concurrent Workers: 3
 Concurrent Refinement Workers: 13
 Periodic GC: Disabled
Heap:
 garbage-first heap   total 235520K, used 177773K [0x0000000080000000, 0x0000000100000000)
  region size 1024K, 2 young (2048K), 2 survivors (2048K)
 Metaspace       used 107373K, committed 108096K, reserved 1179648K
  class space    used 14562K, committed 14912K, reserved 1048576K
GC Heap History (20 events):
Event: 13.355 GC heap after
{Heap after GC invocations=45 (full 0):
 garbage-first heap   total 195584K, used 125652K [0x0000000080000000, 0x0000000100000000)
  region size 1024K, 6 young (6144K), 6 survivors (6144K)
 Metaspace       used 99806K, committed 100544K, reserved 1179648K
  class space    used 13736K, committed 14144K, reserved 1048576K
}
Event: 13.677 GC heap before
{Heap before GC invocations=45 (full 0):
 garbage-first heap   total 195584K, used 160468K [0x0000000080000000, 0x0000000100000000)
  region size 1024K, 41 young (41984K), 6 survivors (6144K)
 Metaspace       used 99993K, committed 100736K, reserved 1179648K
  class space    used 13764K, committed 14144K, reserved 1048576K
}
Event: 13.682 GC heap after
{Heap after GC invocations=46 (full 0):
 garbage-first heap   total 195584K, used 127944K [0x0000000080000000, 0x0000000100000000)
  region size 1024K, 5 young (5120K), 5 survivors (5120K)
 Metaspace       used 99993K, committed 100736K, reserved 1179648K
  class space    used 13764K, committed 14144K, reserved 1048576K
}
Event: 13.974 GC heap before
{Heap before GC invocations=46 (full 0):
 garbage-first heap   total 195584K, used 161736K [0x0000000080000000, 0x0000000100000000)
  region size 1024K, 39 young (39936K), 5 survivors (5120K)
 Metaspace       used 100052K, committed 100800K, reserved 1179648K
  class space    used 13768K, committed 14144K, reserved 1048576K
}
Event: 13.979 GC heap after
{Heap after GC invocations=47 (full 0):
 garbage-first heap   total 235520K, used 129769K [0x0000000080000000, 0x0000000100000000)
  region size 1024K, 4 young (4096K), 4 survivors (4096K)
 Metaspace       used 100052K, committed 100800K, reserved 1179648K
  class space    used 13768K, committed 14144K, reserved 1048576K
}
Event: 14.276 GC heap before
{Heap before GC invocations=47 (full 0):
 garbage-first heap   total 235520K, used 192233K [0x0000000080000000, 0x0000000100000000)
  region size 1024K, 66 young (67584K), 4 survivors (4096K)
 Metaspace       used 100122K, committed 100864K, reserved 1179648K
  class space    used 13771K, committed 14144K, reserved 1048576K
}
Event: 14.282 GC heap after
{Heap after GC invocations=48 (full 0):
 garbage-first heap   total 235520K, used 133827K [0x0000000080000000, 0x0000000100000000)
  region size 1024K, 8 young (8192K), 8 survivors (8192K)
 Metaspace       used 100122K, committed 100864K, reserved 1179648K
  class space    used 13771K, committed 14144K, reserved 1048576K
}
Event: 14.887 GC heap before
{Heap before GC invocations=48 (full 0):
 garbage-first heap   total 235520K, used 193219K [0x0000000080000000, 0x0000000100000000)
  region size 1024K, 67 young (68608K), 8 survivors (8192K)
 Metaspace       used 101049K, committed 101760K, reserved 1179648K
  class space    used 13894K, committed 14272K, reserved 1048576K
}
Event: 14.894 GC heap after
{Heap after GC invocations=49 (full 0):
 garbage-first heap   total 235520K, used 136569K [0x0000000080000000, 0x0000000100000000)
  region size 1024K, 5 young (5120K), 5 survivors (5120K)
 Metaspace       used 101049K, committed 101760K, reserved 1179648K
  class space    used 13894K, committed 14272K, reserved 1048576K
}
Event: 2350.009 GC heap before
{Heap before GC invocations=49 (full 0):
 garbage-first heap   total 235520K, used 194937K [0x0000000080000000, 0x0000000100000000)
  region size 1024K, 63 young (64512K), 5 survivors (5120K)
 Metaspace       used 101539K, committed 102208K, reserved 1179648K
  class space    used 13922K, committed 14272K, reserved 1048576K
}
Event: 2350.128 GC heap after
{Heap after GC invocations=50 (full 0):
 garbage-first heap   total 235520K, used 137273K [0x0000000080000000, 0x0000000100000000)
  region size 1024K, 1 young (1024K), 1 survivors (1024K)
 Metaspace       used 101539K, committed 102208K, reserved 1179648K
  class space    used 13922K, committed 14272K, reserved 1048576K
}
Event: 5571.762 GC heap before
{Heap before GC invocations=50 (full 0):
 garbage-first heap   total 235520K, used 198713K [0x0000000080000000, 0x0000000100000000)
  region size 1024K, 61 young (62464K), 1 survivors (1024K)
 Metaspace       used 101608K, committed 102336K, reserved 1179648K
  class space    used 13925K, committed 14272K, reserved 1048576K
}
Event: 5571.850 GC heap after
{Heap after GC invocations=51 (full 0):
 garbage-first heap   total 235520K, used 136673K [0x0000000080000000, 0x0000000100000000)
  region size 1024K, 1 young (1024K), 1 survivors (1024K)
 Metaspace       used 101608K, committed 102336K, reserved 1179648K
  class space    used 13925K, committed 14272K, reserved 1048576K
}
Event: 5578.117 GC heap before
{Heap before GC invocations=51 (full 0):
 garbage-first heap   total 235520K, used 199137K [0x0000000080000000, 0x0000000100000000)
  region size 1024K, 63 young (64512K), 1 survivors (1024K)
 Metaspace       used 102166K, committed 102912K, reserved 1179648K
  class space    used 13945K, committed 14336K, reserved 1048576K
}
Event: 5578.187 GC heap after
{Heap after GC invocations=52 (full 0):
 garbage-first heap   total 235520K, used 143956K [0x0000000080000000, 0x0000000100000000)
  region size 1024K, 8 young (8192K), 8 survivors (8192K)
 Metaspace       used 102166K, committed 102912K, reserved 1179648K
  class space    used 13945K, committed 14336K, reserved 1048576K
}
Event: 5580.230 GC heap before
{Heap before GC invocations=52 (full 0):
 garbage-first heap   total 235520K, used 205396K [0x0000000080000000, 0x0000000100000000)
  region size 1024K, 60 young (61440K), 8 survivors (8192K)
 Metaspace       used 105283K, committed 106048K, reserved 1179648K
  class space    used 14283K, committed 14656K, reserved 1048576K
}
Event: 5580.349 GC heap after
{Heap after GC invocations=53 (full 0):
 garbage-first heap   total 235520K, used 157812K [0x0000000080000000, 0x0000000100000000)
  region size 1024K, 8 young (8192K), 8 survivors (8192K)
 Metaspace       used 105283K, committed 106048K, reserved 1179648K
  class space    used 14283K, committed 14656K, reserved 1048576K
}
Event: 5580.741 GC heap before
{Heap before GC invocations=53 (full 0):
 garbage-first heap   total 235520K, used 190580K [0x0000000080000000, 0x0000000100000000)
  region size 1024K, 41 young (41984K), 8 survivors (8192K)
 Metaspace       used 105773K, committed 106560K, reserved 1179648K
  class space    used 14338K, committed 14720K, reserved 1048576K
}
Event: 5580.775 GC heap after
{Heap after GC invocations=54 (full 0):
 garbage-first heap   total 235520K, used 174807K [0x0000000080000000, 0x0000000100000000)
  region size 1024K, 6 young (6144K), 6 survivors (6144K)
 Metaspace       used 105773K, committed 106560K, reserved 1179648K
  class space    used 14338K, committed 14720K, reserved 1048576K
}
Event: 5581.216 GC heap before
{Heap before GC invocations=54 (full 0):
 garbage-first heap   total 235520K, used 193239K [0x0000000080000000, 0x0000000100000000)
  region size 1024K, 25 young (25600K), 6 survivors (6144K)
 Metaspace       used 107373K, committed 108096K, reserved 1179648K
  class space    used 14562K, committed 14912K, reserved 1048576K
}

