# JRE version: OpenJDK Runtime Environment (17.0.7) (build 17.0.7+0-b2043.56-10550314)
# Java VM: OpenJDK 64-Bit Server VM (17.0.7+0-b2043.56-10550314, mixed mode, tiered, compressed oops, compressed class ptrs, g1 gc, windows-amd64)
GC Precious Log:
 CPUs: 16 total, 16 available
 Memory: 7893M
 Large Page Support: Disabled
 NUMA Support: Disabled
 Compressed Oops: Enabled (32-bit)
 Heap Region Size: 1M
 Heap Min Capacity: 8M
 Heap Initial Capacity: 124M
 Heap Max Capacity: 2G
 Pre-touch: Disabled
 Parallel Workers: 13
 Concurrent Workers: 3
 Concurrent Refinement Workers: 13
 Periodic GC: Disabled
Heap:
 garbage-first heap   total 87040K, used 62650K [0x0000000080000000, 0x0000000100000000)
  region size 1024K, 3 young (3072K), 1 survivors (1024K)
 Metaspace       used 56943K, committed 57472K, reserved 1114112K
  class space    used 7646K, committed 7872K, reserved 1048576K
GC Heap History (20 events):
Event: 3.801 GC heap before
{Heap before GC invocations=9 (full 0):
 garbage-first heap   total 68608K, used 51176K [0x0000000080000000, 0x0000000100000000)
  region size 1024K, 30 young (30720K), 3 survivors (3072K)
 Metaspace       used 41321K, committed 41664K, reserved 1114112K
  class space    used 5475K, committed 5632K, reserved 1048576K
}
Event: 3.807 GC heap after
{Heap after GC invocations=10 (full 0):
 garbage-first heap   total 68608K, used 27867K [0x0000000080000000, 0x0000000100000000)
  region size 1024K, 4 young (4096K), 4 survivors (4096K)
 Metaspace       used 41321K, committed 41664K, reserved 1114112K
  class space    used 5475K, committed 5632K, reserved 1048576K
}
Event: 4.035 GC heap before
{Heap before GC invocations=10 (full 0):
 garbage-first heap   total 68608K, used 56539K [0x0000000080000000, 0x0000000100000000)
  region size 1024K, 28 young (28672K), 4 survivors (4096K)
 Metaspace       used 43231K, committed 43584K, reserved 1114112K
  class space    used 5641K, committed 5760K, reserved 1048576K
}
Event: 4.039 GC heap after
{Heap after GC invocations=11 (full 0):
 garbage-first heap   total 82944K, used 30955K [0x0000000080000000, 0x0000000100000000)
  region size 1024K, 3 young (3072K), 3 survivors (3072K)
 Metaspace       used 43231K, committed 43584K, reserved 1114112K
  class space    used 5641K, committed 5760K, reserved 1048576K
}
Event: 4.443 GC heap before
{Heap before GC invocations=11 (full 0):
 garbage-first heap   total 82944K, used 63723K [0x0000000080000000, 0x0000000100000000)
  region size 1024K, 34 young (34816K), 3 survivors (3072K)
 Metaspace       used 46228K, committed 46720K, reserved 1114112K
  class space    used 6038K, committed 6272K, reserved 1048576K
}
Event: 4.445 GC heap after
{Heap after GC invocations=12 (full 0):
 garbage-first heap   total 82944K, used 33454K [0x0000000080000000, 0x0000000100000000)
  region size 1024K, 3 young (3072K), 3 survivors (3072K)
 Metaspace       used 46228K, committed 46720K, reserved 1114112K
  class space    used 6038K, committed 6272K, reserved 1048576K
}
Event: 4.906 GC heap before
{Heap before GC invocations=12 (full 0):
 garbage-first heap   total 82944K, used 63150K [0x0000000080000000, 0x0000000100000000)
  region size 1024K, 32 young (32768K), 3 survivors (3072K)
 Metaspace       used 49835K, committed 50240K, reserved 1114112K
  class space    used 6649K, committed 6848K, reserved 1048576K
}
Event: 4.908 GC heap after
{Heap after GC invocations=13 (full 0):
 garbage-first heap   total 82944K, used 34961K [0x0000000080000000, 0x0000000100000000)
  region size 1024K, 2 young (2048K), 2 survivors (2048K)
 Metaspace       used 49835K, committed 50240K, reserved 1114112K
  class space    used 6649K, committed 6848K, reserved 1048576K
}
Event: 5.345 GC heap before
{Heap before GC invocations=13 (full 0):
 garbage-first heap   total 82944K, used 63633K [0x0000000080000000, 0x0000000100000000)
  region size 1024K, 30 young (30720K), 2 survivors (2048K)
 Metaspace       used 53269K, committed 53824K, reserved 1114112K
  class space    used 7188K, committed 7424K, reserved 1048576K
}
Event: 5.347 GC heap after
{Heap after GC invocations=14 (full 0):
 garbage-first heap   total 82944K, used 35973K [0x0000000080000000, 0x0000000100000000)
  region size 1024K, 3 young (3072K), 3 survivors (3072K)
 Metaspace       used 53269K, committed 53824K, reserved 1114112K
  class space    used 7188K, committed 7424K, reserved 1048576K
}
Event: 6.181 GC heap before
{Heap before GC invocations=14 (full 0):
 garbage-first heap   total 82944K, used 63621K [0x0000000080000000, 0x0000000100000000)
  region size 1024K, 31 young (31744K), 3 survivors (3072K)
 Metaspace       used 54672K, committed 55168K, reserved 1114112K
  class space    used 7336K, committed 7552K, reserved 1048576K
}
Event: 6.185 GC heap after
{Heap after GC invocations=15 (full 0):
 garbage-first heap   total 82944K, used 39817K [0x0000000080000000, 0x0000000100000000)
  region size 1024K, 4 young (4096K), 4 survivors (4096K)
 Metaspace       used 54672K, committed 55168K, reserved 1114112K
  class space    used 7336K, committed 7552K, reserved 1048576K
}
Event: 6.267 GC heap before
{Heap before GC invocations=15 (full 0):
 garbage-first heap   total 82944K, used 44937K [0x0000000080000000, 0x0000000100000000)
  region size 1024K, 10 young (10240K), 4 survivors (4096K)
 Metaspace       used 54807K, committed 55296K, reserved 1114112K
  class space    used 7345K, committed 7552K, reserved 1048576K
}
Event: 6.270 GC heap after
{Heap after GC invocations=16 (full 0):
 garbage-first heap   total 82944K, used 40784K [0x0000000080000000, 0x0000000100000000)
  region size 1024K, 1 young (1024K), 1 survivors (1024K)
 Metaspace       used 54807K, committed 55296K, reserved 1114112K
  class space    used 7345K, committed 7552K, reserved 1048576K
}
Event: 6.846 GC heap before
{Heap before GC invocations=17 (full 0):
 garbage-first heap   total 82944K, used 75600K [0x0000000080000000, 0x0000000100000000)
  region size 1024K, 23 young (23552K), 1 survivors (1024K)
 Metaspace       used 55829K, committed 56256K, reserved 1114112K
  class space    used 7471K, committed 7680K, reserved 1048576K
}
Event: 6.849 GC heap after
{Heap after GC invocations=18 (full 0):
 garbage-first heap   total 87040K, used 61913K [0x0000000080000000, 0x0000000100000000)
  region size 1024K, 3 young (3072K), 3 survivors (3072K)
 Metaspace       used 55829K, committed 56256K, reserved 1114112K
  class space    used 7471K, committed 7680K, reserved 1048576K
}
Event: 6.857 GC heap before
{Heap before GC invocations=18 (full 0):
 garbage-first heap   total 87040K, used 62937K [0x0000000080000000, 0x0000000100000000)
  region size 1024K, 4 young (4096K), 3 survivors (3072K)
 Metaspace       used 55899K, committed 56320K, reserved 1114112K
  class space    used 7484K, committed 7680K, reserved 1048576K
}
Event: 6.859 GC heap after
{Heap after GC invocations=19 (full 0):
 garbage-first heap   total 87040K, used 61362K [0x0000000080000000, 0x0000000100000000)
  region size 1024K, 1 young (1024K), 1 survivors (1024K)
 Metaspace       used 55899K, committed 56320K, reserved 1114112K
  class space    used 7484K, committed 7680K, reserved 1048576K
}
Event: 6.993 GC heap before
{Heap before GC invocations=19 (full 0):
 garbage-first heap   total 87040K, used 70578K [0x0000000080000000, 0x0000000100000000)
  region size 1024K, 11 young (11264K), 1 survivors (1024K)
 Metaspace       used 56806K, committed 57344K, reserved 1114112K
  class space    used 7626K, committed 7872K, reserved 1048576K
}
Event: 6.995 GC heap after
{Heap after GC invocations=20 (full 0):
 garbage-first heap   total 87040K, used 61626K [0x0000000080000000, 0x0000000100000000)
  region size 1024K, 1 young (1024K), 1 survivors (1024K)
 Metaspace       used 56806K, committed 57344K, reserved 1114112K
  class space    used 7626K, committed 7872K, reserved 1048576K
}

