# JRE version: OpenJDK Runtime Environment (17.0.7) (build 17.0.7+0-b2043.56-10550314)
# Java VM: OpenJDK 64-Bit Server VM (17.0.7+0-b2043.56-10550314, mixed mode, tiered, compressed oops, compressed class ptrs, g1 gc, windows-amd64)
GC Precious Log:
 CPUs: 16 total, 16 available
 Memory: 7893M
 Large Page Support: Disabled
 NUMA Support: Disabled
 Compressed Oops: Enabled (32-bit)
 Heap Region Size: 1M
 Heap Min Capacity: 8M
 Heap Initial Capacity: 124M
 Heap Max Capacity: 2G
 Pre-touch: Disabled
 Parallel Workers: 13
 Concurrent Workers: 3
 Concurrent Refinement Workers: 13
 Periodic GC: Disabled
Heap:
 garbage-first heap   total 165888K, used 115148K [0x0000000080000000, 0x0000000100000000)
  region size 1024K, 27 young (27648K), 1 survivors (1024K)
 Metaspace       used 95363K, committed 96000K, reserved 1179648K
  class space    used 13129K, committed 13440K, reserved 1048576K
GC Heap History (20 events):
Event: 7.185 GC heap before
{Heap before GC invocations=22 (full 0):
 garbage-first heap   total 165888K, used 132761K [0x0000000080000000, 0x0000000100000000)
  region size 1024K, 65 young (66560K), 1 survivors (1024K)
 Metaspace       used 65713K, committed 66240K, reserved 1114112K
  class space    used 8783K, committed 9024K, reserved 1048576K
}
Event: 7.188 GC heap after
{Heap after GC invocations=23 (full 0):
 garbage-first heap   total 165888K, used 66476K [0x0000000080000000, 0x0000000100000000)
  region size 1024K, 6 young (6144K), 6 survivors (6144K)
 Metaspace       used 65713K, committed 66240K, reserved 1114112K
  class space    used 8783K, committed 9024K, reserved 1048576K
}
Event: 7.834 GC heap before
{Heap before GC invocations=23 (full 0):
 garbage-first heap   total 165888K, used 135084K [0x0000000080000000, 0x0000000100000000)
  region size 1024K, 69 young (70656K), 6 survivors (6144K)
 Metaspace       used 70820K, committed 71360K, reserved 1114112K
  class space    used 9474K, committed 9728K, reserved 1048576K
}
Event: 7.839 GC heap after
{Heap after GC invocations=24 (full 0):
 garbage-first heap   total 165888K, used 74470K [0x0000000080000000, 0x0000000100000000)
  region size 1024K, 5 young (5120K), 5 survivors (5120K)
 Metaspace       used 70820K, committed 71360K, reserved 1114112K
  class space    used 9474K, committed 9728K, reserved 1048576K
}
Event: 8.632 GC heap before
{Heap before GC invocations=24 (full 0):
 garbage-first heap   total 165888K, used 131814K [0x0000000080000000, 0x0000000100000000)
  region size 1024K, 61 young (62464K), 5 survivors (5120K)
 Metaspace       used 76509K, committed 77056K, reserved 1179648K
  class space    used 10270K, committed 10496K, reserved 1048576K
}
Event: 8.637 GC heap after
{Heap after GC invocations=25 (full 0):
 garbage-first heap   total 165888K, used 77546K [0x0000000080000000, 0x0000000100000000)
  region size 1024K, 8 young (8192K), 8 survivors (8192K)
 Metaspace       used 76509K, committed 77056K, reserved 1179648K
  class space    used 10270K, committed 10496K, reserved 1048576K
}
Event: 9.667 GC heap before
{Heap before GC invocations=25 (full 0):
 garbage-first heap   total 165888K, used 132842K [0x0000000080000000, 0x0000000100000000)
  region size 1024K, 62 young (63488K), 8 survivors (8192K)
 Metaspace       used 79225K, committed 79744K, reserved 1179648K
  class space    used 10632K, committed 10880K, reserved 1048576K
}
Event: 9.672 GC heap after
{Heap after GC invocations=26 (full 0):
 garbage-first heap   total 165888K, used 82626K [0x0000000080000000, 0x0000000100000000)
  region size 1024K, 8 young (8192K), 8 survivors (8192K)
 Metaspace       used 79225K, committed 79744K, reserved 1179648K
  class space    used 10632K, committed 10880K, reserved 1048576K
}
Event: 9.805 GC heap before
{Heap before GC invocations=26 (full 0):
 garbage-first heap   total 165888K, used 93890K [0x0000000080000000, 0x0000000100000000)
  region size 1024K, 21 young (21504K), 8 survivors (8192K)
 Metaspace       used 80053K, committed 80704K, reserved 1179648K
  class space    used 10754K, committed 11008K, reserved 1048576K
}
Event: 9.809 GC heap after
{Heap after GC invocations=27 (full 0):
 garbage-first heap   total 165888K, used 84417K [0x0000000080000000, 0x0000000100000000)
  region size 1024K, 2 young (2048K), 2 survivors (2048K)
 Metaspace       used 80053K, committed 80704K, reserved 1179648K
  class space    used 10754K, committed 11008K, reserved 1048576K
}
Event: 10.784 GC heap before
{Heap before GC invocations=28 (full 0):
 garbage-first heap   total 165888K, used 135617K [0x0000000080000000, 0x0000000100000000)
  region size 1024K, 51 young (52224K), 2 survivors (2048K)
 Metaspace       used 83993K, committed 84608K, reserved 1179648K
  class space    used 11506K, committed 11776K, reserved 1048576K
}
Event: 10.787 GC heap after
{Heap after GC invocations=29 (full 0):
 garbage-first heap   total 165888K, used 84877K [0x0000000080000000, 0x0000000100000000)
  region size 1024K, 3 young (3072K), 3 survivors (3072K)
 Metaspace       used 83993K, committed 84608K, reserved 1179648K
  class space    used 11506K, committed 11776K, reserved 1048576K
}
Event: 10.856 GC heap before
{Heap before GC invocations=29 (full 0):
 garbage-first heap   total 165888K, used 89997K [0x0000000080000000, 0x0000000100000000)
  region size 1024K, 8 young (8192K), 3 survivors (3072K)
 Metaspace       used 84359K, committed 84928K, reserved 1179648K
  class space    used 11551K, committed 11840K, reserved 1048576K
}
Event: 10.860 GC heap after
{Heap after GC invocations=30 (full 0):
 garbage-first heap   total 165888K, used 84201K [0x0000000080000000, 0x0000000100000000)
  region size 1024K, 1 young (1024K), 1 survivors (1024K)
 Metaspace       used 84359K, committed 84928K, reserved 1179648K
  class space    used 11551K, committed 11840K, reserved 1048576K
}
Event: 11.617 GC heap before
{Heap before GC invocations=30 (full 0):
 garbage-first heap   total 165888K, used 136425K [0x0000000080000000, 0x0000000100000000)
  region size 1024K, 52 young (53248K), 1 survivors (1024K)
 Metaspace       used 88693K, committed 89344K, reserved 1179648K
  class space    used 12181K, committed 12544K, reserved 1048576K
}
Event: 11.620 GC heap after
{Heap after GC invocations=31 (full 0):
 garbage-first heap   total 165888K, used 87000K [0x0000000080000000, 0x0000000100000000)
  region size 1024K, 4 young (4096K), 4 survivors (4096K)
 Metaspace       used 88693K, committed 89344K, reserved 1179648K
  class space    used 12181K, committed 12544K, reserved 1048576K
}
Event: 12.166 GC heap before
{Heap before GC invocations=32 (full 0):
 garbage-first heap   total 165888K, used 137176K [0x0000000080000000, 0x0000000100000000)
  region size 1024K, 53 young (54272K), 4 survivors (4096K)
 Metaspace       used 93078K, committed 93696K, reserved 1179648K
  class space    used 12848K, committed 13120K, reserved 1048576K
}
Event: 12.171 GC heap after
{Heap after GC invocations=33 (full 0):
 garbage-first heap   total 165888K, used 89438K [0x0000000080000000, 0x0000000100000000)
  region size 1024K, 6 young (6144K), 6 survivors (6144K)
 Metaspace       used 93078K, committed 93696K, reserved 1179648K
  class space    used 12848K, committed 13120K, reserved 1048576K
}
Event: 12.221 GC heap before
{Heap before GC invocations=33 (full 0):
 garbage-first heap   total 165888K, used 90462K [0x0000000080000000, 0x0000000100000000)
  region size 1024K, 8 young (8192K), 6 survivors (6144K)
 Metaspace       used 93787K, committed 94464K, reserved 1179648K
  class space    used 12928K, committed 13248K, reserved 1048576K
}
Event: 12.225 GC heap after
{Heap after GC invocations=34 (full 0):
 garbage-first heap   total 165888K, used 89548K [0x0000000080000000, 0x0000000100000000)
  region size 1024K, 1 young (1024K), 1 survivors (1024K)
 Metaspace       used 93787K, committed 94464K, reserved 1179648K
  class space    used 12928K, committed 13248K, reserved 1048576K
}

