# JRE version: OpenJDK Runtime Environment (17.0.7) (build 17.0.7+0-b2043.56-10550314)
# Java VM: OpenJDK 64-Bit Server VM (17.0.7+0-b2043.56-10550314, mixed mode, tiered, compressed oops, compressed class ptrs, g1 gc, windows-amd64)
GC Precious Log:
 CPUs: 16 total, 16 available
 Memory: 7893M
 Large Page Support: Disabled
 NUMA Support: Disabled
 Compressed Oops: Enabled (32-bit)
 Heap Region Size: 1M
 Heap Min Capacity: 8M
 Heap Initial Capacity: 124M
 Heap Max Capacity: 2G
 Pre-touch: Disabled
 Parallel Workers: 13
 Concurrent Workers: 3
 Concurrent Refinement Workers: 13
 Periodic GC: Disabled
Heap:
 garbage-first heap   total 318464K, used 262963K [0x0000000080000000, 0x0000000100000000)
  region size 1024K, 69 young (70656K), 6 survivors (6144K)
 Metaspace       used 107130K, committed 107840K, reserved 1179648K
  class space    used 14545K, committed 14912K, reserved 1048576K
GC Heap History (20 events):
Event: 7.796 GC heap before
{Heap before GC invocations=40 (full 0):
 garbage-first heap   total 147456K, used 112252K [0x0000000080000000, 0x0000000100000000)
  region size 1024K, 30 young (30720K), 2 survivors (2048K)
 Metaspace       used 82113K, committed 82816K, reserved 1179648K
  class space    used 11145K, committed 11456K, reserved 1048576K
}
Event: 7.799 GC heap after
{Heap after GC invocations=41 (full 0):
 garbage-first heap   total 243712K, used 83955K [0x0000000080000000, 0x0000000100000000)
  region size 1024K, 3 young (3072K), 3 survivors (3072K)
 Metaspace       used 82113K, committed 82816K, reserved 1179648K
  class space    used 11145K, committed 11456K, reserved 1048576K
}
Event: 7.890 GC heap before
{Heap before GC invocations=41 (full 0):
 garbage-first heap   total 243712K, used 91123K [0x0000000080000000, 0x0000000100000000)
  region size 1024K, 11 young (11264K), 3 survivors (3072K)
 Metaspace       used 82762K, committed 83392K, reserved 1179648K
  class space    used 11307K, committed 11584K, reserved 1048576K
}
Event: 7.892 GC heap after
{Heap after GC invocations=42 (full 0):
 garbage-first heap   total 243712K, used 83643K [0x0000000080000000, 0x0000000100000000)
  region size 1024K, 2 young (2048K), 2 survivors (2048K)
 Metaspace       used 82762K, committed 83392K, reserved 1179648K
  class space    used 11307K, committed 11584K, reserved 1048576K
}
Event: 9.047 GC heap before
{Heap before GC invocations=42 (full 0):
 garbage-first heap   total 243712K, used 191163K [0x0000000080000000, 0x0000000100000000)
  region size 1024K, 107 young (109568K), 2 survivors (2048K)
 Metaspace       used 91504K, committed 92224K, reserved 1179648K
  class space    used 12618K, committed 12992K, reserved 1048576K
}
Event: 9.052 GC heap after
{Heap after GC invocations=43 (full 0):
 garbage-first heap   total 243712K, used 88766K [0x0000000080000000, 0x0000000100000000)
  region size 1024K, 7 young (7168K), 7 survivors (7168K)
 Metaspace       used 91504K, committed 92224K, reserved 1179648K
  class space    used 12618K, committed 12992K, reserved 1048576K
}
Event: 9.961 GC heap before
{Heap before GC invocations=43 (full 0):
 garbage-first heap   total 243712K, used 195262K [0x0000000080000000, 0x0000000100000000)
  region size 1024K, 111 young (113664K), 7 survivors (7168K)
 Metaspace       used 96622K, committed 97280K, reserved 1179648K
  class space    used 13282K, committed 13568K, reserved 1048576K
}
Event: 9.970 GC heap after
{Heap after GC invocations=44 (full 0):
 garbage-first heap   total 243712K, used 99947K [0x0000000080000000, 0x0000000100000000)
  region size 1024K, 14 young (14336K), 14 survivors (14336K)
 Metaspace       used 96622K, committed 97280K, reserved 1179648K
  class space    used 13282K, committed 13568K, reserved 1048576K
}
Event: 10.610 GC heap before
{Heap before GC invocations=44 (full 0):
 garbage-first heap   total 243712K, used 194155K [0x0000000080000000, 0x0000000100000000)
  region size 1024K, 107 young (109568K), 14 survivors (14336K)
 Metaspace       used 99054K, committed 99776K, reserved 1179648K
  class space    used 13723K, committed 14080K, reserved 1048576K
}
Event: 10.624 GC heap after
{Heap after GC invocations=45 (full 0):
 garbage-first heap   total 243712K, used 111373K [0x0000000080000000, 0x0000000100000000)
  region size 1024K, 11 young (11264K), 11 survivors (11264K)
 Metaspace       used 99054K, committed 99776K, reserved 1179648K
  class space    used 13723K, committed 14080K, reserved 1048576K
}
Event: 11.602 GC heap before
{Heap before GC invocations=45 (full 0):
 garbage-first heap   total 243712K, used 200461K [0x0000000080000000, 0x0000000100000000)
  region size 1024K, 93 young (95232K), 11 survivors (11264K)
 Metaspace       used 103018K, committed 103808K, reserved 1179648K
  class space    used 14140K, committed 14528K, reserved 1048576K
}
Event: 11.609 GC heap after
{Heap after GC invocations=46 (full 0):
 garbage-first heap   total 243712K, used 116197K [0x0000000080000000, 0x0000000100000000)
  region size 1024K, 8 young (8192K), 8 survivors (8192K)
 Metaspace       used 103018K, committed 103808K, reserved 1179648K
  class space    used 14140K, committed 14528K, reserved 1048576K
}
Event: 12.553 GC heap before
{Heap before GC invocations=46 (full 0):
 garbage-first heap   total 243712K, used 185829K [0x0000000080000000, 0x0000000100000000)
  region size 1024K, 77 young (78848K), 8 survivors (8192K)
 Metaspace       used 103460K, committed 104192K, reserved 1179648K
  class space    used 14140K, committed 14528K, reserved 1048576K
}
Event: 12.565 GC heap after
{Heap after GC invocations=47 (full 0):
 garbage-first heap   total 243712K, used 140418K [0x0000000080000000, 0x0000000100000000)
  region size 1024K, 11 young (11264K), 11 survivors (11264K)
 Metaspace       used 103460K, committed 104192K, reserved 1179648K
  class space    used 14140K, committed 14528K, reserved 1048576K
}
Event: 13.156 GC heap before
{Heap before GC invocations=48 (full 0):
 garbage-first heap   total 265216K, used 196738K [0x0000000080000000, 0x0000000100000000)
  region size 1024K, 59 young (60416K), 11 survivors (11264K)
 Metaspace       used 103764K, committed 104512K, reserved 1179648K
  class space    used 14172K, committed 14528K, reserved 1048576K
}
Event: 13.167 GC heap after
{Heap after GC invocations=49 (full 0):
 garbage-first heap   total 265216K, used 158679K [0x0000000080000000, 0x0000000100000000)
  region size 1024K, 8 young (8192K), 8 survivors (8192K)
 Metaspace       used 103764K, committed 104512K, reserved 1179648K
  class space    used 14172K, committed 14528K, reserved 1048576K
}
Event: 13.239 GC heap before
{Heap before GC invocations=49 (full 0):
 garbage-first heap   total 265216K, used 163799K [0x0000000080000000, 0x0000000100000000)
  region size 1024K, 12 young (12288K), 8 survivors (8192K)
 Metaspace       used 103907K, committed 104640K, reserved 1179648K
  class space    used 14183K, committed 14528K, reserved 1048576K
}
Event: 13.244 GC heap after
{Heap after GC invocations=50 (full 0):
 garbage-first heap   total 265216K, used 161367K [0x0000000080000000, 0x0000000100000000)
  region size 1024K, 2 young (2048K), 2 survivors (2048K)
 Metaspace       used 103907K, committed 104640K, reserved 1179648K
  class space    used 14183K, committed 14528K, reserved 1048576K
}
Event: 13.884 GC heap before
{Heap before GC invocations=50 (full 0):
 garbage-first heap   total 265216K, used 213591K [0x0000000080000000, 0x0000000100000000)
  region size 1024K, 46 young (47104K), 2 survivors (2048K)
 Metaspace       used 105475K, committed 106240K, reserved 1179648K
  class space    used 14414K, committed 14784K, reserved 1048576K
}
Event: 13.892 GC heap after
{Heap after GC invocations=51 (full 0):
 garbage-first heap   total 318464K, used 168755K [0x0000000080000000, 0x0000000100000000)
  region size 1024K, 6 young (6144K), 6 survivors (6144K)
 Metaspace       used 105475K, committed 106240K, reserved 1179648K
  class space    used 14414K, committed 14784K, reserved 1048576K
}

