# JRE version: OpenJDK Runtime Environment (17.0.7) (build 17.0.7+0-b2043.56-10550314)
# Java VM: OpenJDK 64-Bit Server VM (17.0.7+0-b2043.56-10550314, mixed mode, tiered, compressed oops, compressed class ptrs, g1 gc, windows-amd64)
GC Precious Log:
 CPUs: 16 total, 16 available
 Memory: 7893M
 Large Page Support: Disabled
 NUMA Support: Disabled
 Compressed Oops: Enabled (32-bit)
 Heap Region Size: 1M
 Heap Min Capacity: 8M
 Heap Initial Capacity: 124M
 Heap Max Capacity: 2G
 Pre-touch: Disabled
 Parallel Workers: 13
 Concurrent Workers: 3
 Concurrent Refinement Workers: 13
 Periodic GC: Disabled
Heap:
 garbage-first heap   total 129024K, used 70727K [0x0000000080000000, 0x0000000100000000)
  region size 1024K, 1 young (1024K), 1 survivors (1024K)
 Metaspace       used 68652K, committed 69248K, reserved 1114112K
  class space    used 9177K, committed 9472K, reserved 1048576K
GC Heap History (20 events):
Event: 5.934 GC heap after
{Heap after GC invocations=17 (full 0):
 garbage-first heap   total 84992K, used 59504K [0x0000000080000000, 0x0000000100000000)
  region size 1024K, 3 young (3072K), 3 survivors (3072K)
 Metaspace       used 55690K, committed 56192K, reserved 1114112K
  class space    used 7461K, committed 7680K, reserved 1048576K
}
Event: 5.947 GC heap before
{Heap before GC invocations=17 (full 0):
 garbage-first heap   total 84992K, used 59504K [0x0000000080000000, 0x0000000100000000)
  region size 1024K, 4 young (4096K), 3 survivors (3072K)
 Metaspace       used 55784K, committed 56256K, reserved 1114112K
  class space    used 7469K, committed 7680K, reserved 1048576K
}
Event: 5.948 GC heap after
{Heap after GC invocations=18 (full 0):
 garbage-first heap   total 84992K, used 59664K [0x0000000080000000, 0x0000000100000000)
  region size 1024K, 1 young (1024K), 1 survivors (1024K)
 Metaspace       used 55784K, committed 56256K, reserved 1114112K
  class space    used 7469K, committed 7680K, reserved 1048576K
}
Event: 5.951 GC heap before
{Heap before GC invocations=18 (full 0):
 garbage-first heap   total 84992K, used 59664K [0x0000000080000000, 0x0000000100000000)
  region size 1024K, 2 young (2048K), 1 survivors (1024K)
 Metaspace       used 55791K, committed 56256K, reserved 1114112K
  class space    used 7469K, committed 7680K, reserved 1048576K
}
Event: 5.953 GC heap after
{Heap after GC invocations=19 (full 0):
 garbage-first heap   total 113664K, used 59509K [0x0000000080000000, 0x0000000100000000)
  region size 1024K, 1 young (1024K), 1 survivors (1024K)
 Metaspace       used 55791K, committed 56256K, reserved 1114112K
  class space    used 7469K, committed 7680K, reserved 1048576K
}
Event: 6.327 GC heap before
{Heap before GC invocations=20 (full 0):
 garbage-first heap   total 113664K, used 89205K [0x0000000080000000, 0x0000000100000000)
  region size 1024K, 29 young (29696K), 1 survivors (1024K)
 Metaspace       used 58408K, committed 58880K, reserved 1114112K
  class space    used 7858K, committed 8064K, reserved 1048576K
}
Event: 6.329 GC heap after
{Heap after GC invocations=21 (full 0):
 garbage-first heap   total 113664K, used 61499K [0x0000000080000000, 0x0000000100000000)
  region size 1024K, 2 young (2048K), 2 survivors (2048K)
 Metaspace       used 58408K, committed 58880K, reserved 1114112K
  class space    used 7858K, committed 8064K, reserved 1048576K
}
Event: 6.367 GC heap before
{Heap before GC invocations=21 (full 0):
 garbage-first heap   total 113664K, used 64571K [0x0000000080000000, 0x0000000100000000)
  region size 1024K, 5 young (5120K), 2 survivors (2048K)
 Metaspace       used 58680K, committed 59200K, reserved 1114112K
  class space    used 7892K, committed 8128K, reserved 1048576K
}
Event: 6.369 GC heap after
{Heap after GC invocations=22 (full 0):
 garbage-first heap   total 113664K, used 61572K [0x0000000080000000, 0x0000000100000000)
  region size 1024K, 1 young (1024K), 1 survivors (1024K)
 Metaspace       used 58680K, committed 59200K, reserved 1114112K
  class space    used 7892K, committed 8128K, reserved 1048576K
}
Event: 6.694 GC heap before
{Heap before GC invocations=22 (full 0):
 garbage-first heap   total 113664K, used 90244K [0x0000000080000000, 0x0000000100000000)
  region size 1024K, 29 young (29696K), 1 survivors (1024K)
 Metaspace       used 61885K, committed 62400K, reserved 1114112K
  class space    used 8272K, committed 8512K, reserved 1048576K
}
Event: 6.697 GC heap after
{Heap after GC invocations=23 (full 0):
 garbage-first heap   total 113664K, used 62226K [0x0000000080000000, 0x0000000100000000)
  region size 1024K, 1 young (1024K), 1 survivors (1024K)
 Metaspace       used 61885K, committed 62400K, reserved 1114112K
  class space    used 8272K, committed 8512K, reserved 1048576K
}
Event: 7.112 GC heap before
{Heap before GC invocations=24 (full 0):
 garbage-first heap   total 113664K, used 99090K [0x0000000080000000, 0x0000000100000000)
  region size 1024K, 31 young (31744K), 1 survivors (1024K)
 Metaspace       used 65681K, committed 66240K, reserved 1114112K
  class space    used 8776K, committed 9024K, reserved 1048576K
}
Event: 7.115 GC heap after
{Heap after GC invocations=25 (full 0):
 garbage-first heap   total 113664K, used 70929K [0x0000000080000000, 0x0000000100000000)
  region size 1024K, 4 young (4096K), 4 survivors (4096K)
 Metaspace       used 65681K, committed 66240K, reserved 1114112K
  class space    used 8776K, committed 9024K, reserved 1048576K
}
Event: 7.116 GC heap before
{Heap before GC invocations=25 (full 0):
 garbage-first heap   total 113664K, used 71953K [0x0000000080000000, 0x0000000100000000)
  region size 1024K, 5 young (5120K), 4 survivors (4096K)
 Metaspace       used 65681K, committed 66240K, reserved 1114112K
  class space    used 8776K, committed 9024K, reserved 1048576K
}
Event: 7.119 GC heap after
{Heap after GC invocations=26 (full 0):
 garbage-first heap   total 113664K, used 71513K [0x0000000080000000, 0x0000000100000000)
  region size 1024K, 1 young (1024K), 1 survivors (1024K)
 Metaspace       used 65681K, committed 66240K, reserved 1114112K
  class space    used 8776K, committed 9024K, reserved 1048576K
}
Event: 7.368 GC heap before
{Heap before GC invocations=26 (full 0):
 garbage-first heap   total 113664K, used 89945K [0x0000000080000000, 0x0000000100000000)
  region size 1024K, 20 young (20480K), 1 survivors (1024K)
 Metaspace       used 67159K, committed 67712K, reserved 1114112K
  class space    used 8974K, committed 9216K, reserved 1048576K
}
Event: 7.370 GC heap after
{Heap after GC invocations=27 (full 0):
 garbage-first heap   total 113664K, used 74400K [0x0000000080000000, 0x0000000100000000)
  region size 1024K, 3 young (3072K), 3 survivors (3072K)
 Metaspace       used 67159K, committed 67712K, reserved 1114112K
  class space    used 8974K, committed 9216K, reserved 1048576K
}
Event: 7.572 GC heap before
{Heap before GC invocations=28 (full 0):
 garbage-first heap   total 121856K, used 87712K [0x0000000080000000, 0x0000000100000000)
  region size 1024K, 20 young (20480K), 3 survivors (3072K)
 Metaspace       used 68464K, committed 68992K, reserved 1114112K
  class space    used 9149K, committed 9408K, reserved 1048576K
}
Event: 7.574 GC heap after
{Heap after GC invocations=29 (full 0):
 garbage-first heap   total 121856K, used 71020K [0x0000000080000000, 0x0000000100000000)
  region size 1024K, 2 young (2048K), 2 survivors (2048K)
 Metaspace       used 68464K, committed 68992K, reserved 1114112K
  class space    used 9149K, committed 9408K, reserved 1048576K
}
Event: 7.597 GC heap before
{Heap before GC invocations=29 (full 0):
 garbage-first heap   total 121856K, used 74092K [0x0000000080000000, 0x0000000100000000)
  region size 1024K, 5 young (5120K), 2 survivors (2048K)
 Metaspace       used 68652K, committed 69248K, reserved 1114112K
  class space    used 9177K, committed 9472K, reserved 1048576K
}

