# JRE version: OpenJDK Runtime Environment (17.0.7) (build 17.0.7+0-b2043.56-10550314)
# Java VM: OpenJDK 64-Bit Server VM (17.0.7+0-b2043.56-10550314, mixed mode, tiered, compressed oops, compressed class ptrs, g1 gc, windows-amd64)
GC Precious Log:
 CPUs: 16 total, 16 available
 Memory: 7893M
 Large Page Support: Disabled
 NUMA Support: Disabled
 Compressed Oops: Enabled (32-bit)
 Heap Region Size: 1M
 Heap Min Capacity: 8M
 Heap Initial Capacity: 124M
 Heap Max Capacity: 2G
 Pre-touch: Disabled
 Parallel Workers: 13
 Concurrent Workers: 3
 Concurrent Refinement Workers: 13
 Periodic GC: Disabled
Heap:
 garbage-first heap   total 161792K, used 121682K [0x0000000080000000, 0x0000000100000000)
  region size 1024K, 16 young (16384K), 4 survivors (4096K)
 Metaspace       used 98793K, committed 99456K, reserved 1179648K
  class space    used 13625K, committed 13952K, reserved 1048576K
GC Heap History (20 events):
Event: 7.535 GC heap before
{Heap before GC invocations=34 (full 0):
 garbage-first heap   total 161792K, used 130867K [0x0000000080000000, 0x0000000100000000)
  region size 1024K, 47 young (48128K), 2 survivors (2048K)
 Metaspace       used 83648K, committed 84288K, reserved 1179648K
  class space    used 11468K, committed 11776K, reserved 1048576K
}
Event: 7.538 GC heap after
{Heap after GC invocations=35 (full 0):
 garbage-first heap   total 161792K, used 84259K [0x0000000080000000, 0x0000000100000000)
  region size 1024K, 3 young (3072K), 3 survivors (3072K)
 Metaspace       used 83648K, committed 84288K, reserved 1179648K
  class space    used 11468K, committed 11776K, reserved 1048576K
}
Event: 7.716 GC heap before
{Heap before GC invocations=35 (full 0):
 garbage-first heap   total 161792K, used 88355K [0x0000000080000000, 0x0000000100000000)
  region size 1024K, 7 young (7168K), 3 survivors (3072K)
 Metaspace       used 83976K, committed 84608K, reserved 1179648K
  class space    used 11507K, committed 11776K, reserved 1048576K
}
Event: 7.718 GC heap after
{Heap after GC invocations=36 (full 0):
 garbage-first heap   total 161792K, used 84103K [0x0000000080000000, 0x0000000100000000)
  region size 1024K, 1 young (1024K), 1 survivors (1024K)
 Metaspace       used 83976K, committed 84608K, reserved 1179648K
  class space    used 11507K, committed 11776K, reserved 1048576K
}
Event: 8.449 GC heap before
{Heap before GC invocations=36 (full 0):
 garbage-first heap   total 161792K, used 132231K [0x0000000080000000, 0x0000000100000000)
  region size 1024K, 48 young (49152K), 1 survivors (1024K)
 Metaspace       used 87880K, committed 88512K, reserved 1179648K
  class space    used 12063K, committed 12352K, reserved 1048576K
}
Event: 8.453 GC heap after
{Heap after GC invocations=37 (full 0):
 garbage-first heap   total 161792K, used 86433K [0x0000000080000000, 0x0000000100000000)
  region size 1024K, 3 young (3072K), 3 survivors (3072K)
 Metaspace       used 87880K, committed 88512K, reserved 1179648K
  class space    used 12063K, committed 12352K, reserved 1048576K
}
Event: 9.220 GC heap before
{Heap before GC invocations=38 (full 0):
 garbage-first heap   total 161792K, used 133537K [0x0000000080000000, 0x0000000100000000)
  region size 1024K, 49 young (50176K), 3 survivors (3072K)
 Metaspace       used 91673K, committed 92288K, reserved 1179648K
  class space    used 12668K, committed 12992K, reserved 1048576K
}
Event: 9.225 GC heap after
{Heap after GC invocations=39 (full 0):
 garbage-first heap   total 161792K, used 88727K [0x0000000080000000, 0x0000000100000000)
  region size 1024K, 5 young (5120K), 5 survivors (5120K)
 Metaspace       used 91673K, committed 92288K, reserved 1179648K
  class space    used 12668K, committed 12992K, reserved 1048576K
}
Event: 9.266 GC heap before
{Heap before GC invocations=39 (full 0):
 garbage-first heap   total 161792K, used 90775K [0x0000000080000000, 0x0000000100000000)
  region size 1024K, 7 young (7168K), 5 survivors (5120K)
 Metaspace       used 91848K, committed 92480K, reserved 1179648K
  class space    used 12697K, committed 13056K, reserved 1048576K
}
Event: 9.270 GC heap after
{Heap after GC invocations=40 (full 0):
 garbage-first heap   total 161792K, used 88931K [0x0000000080000000, 0x0000000100000000)
  region size 1024K, 1 young (1024K), 1 survivors (1024K)
 Metaspace       used 91848K, committed 92480K, reserved 1179648K
  class space    used 12697K, committed 13056K, reserved 1048576K
}
Event: 10.201 GC heap before
{Heap before GC invocations=40 (full 0):
 garbage-first heap   total 161792K, used 133987K [0x0000000080000000, 0x0000000100000000)
  region size 1024K, 45 young (46080K), 1 survivors (1024K)
 Metaspace       used 95714K, committed 96448K, reserved 1179648K
  class space    used 13191K, committed 13568K, reserved 1048576K
}
Event: 10.205 GC heap after
{Heap after GC invocations=41 (full 0):
 garbage-first heap   total 161792K, used 91627K [0x0000000080000000, 0x0000000100000000)
  region size 1024K, 4 young (4096K), 4 survivors (4096K)
 Metaspace       used 95714K, committed 96448K, reserved 1179648K
  class space    used 13191K, committed 13568K, reserved 1048576K
}
Event: 10.722 GC heap before
{Heap before GC invocations=41 (full 0):
 garbage-first heap   total 161792K, used 134635K [0x0000000080000000, 0x0000000100000000)
  region size 1024K, 46 young (47104K), 4 survivors (4096K)
 Metaspace       used 96619K, committed 97344K, reserved 1179648K
  class space    used 13304K, committed 13696K, reserved 1048576K
}
Event: 10.727 GC heap after
{Heap after GC invocations=42 (full 0):
 garbage-first heap   total 161792K, used 97307K [0x0000000080000000, 0x0000000100000000)
  region size 1024K, 6 young (6144K), 6 survivors (6144K)
 Metaspace       used 96619K, committed 97344K, reserved 1179648K
  class space    used 13304K, committed 13696K, reserved 1048576K
}
Event: 11.303 GC heap before
{Heap before GC invocations=42 (full 0):
 garbage-first heap   total 161792K, used 133147K [0x0000000080000000, 0x0000000100000000)
  region size 1024K, 42 young (43008K), 6 survivors (6144K)
 Metaspace       used 98065K, committed 98816K, reserved 1179648K
  class space    used 13557K, committed 13888K, reserved 1048576K
}
Event: 11.311 GC heap after
{Heap after GC invocations=43 (full 0):
 garbage-first heap   total 161792K, used 102719K [0x0000000080000000, 0x0000000100000000)
  region size 1024K, 6 young (6144K), 6 survivors (6144K)
 Metaspace       used 98065K, committed 98816K, reserved 1179648K
  class space    used 13557K, committed 13888K, reserved 1048576K
}
Event: 12.117 GC heap before
{Heap before GC invocations=43 (full 0):
 garbage-first heap   total 161792K, used 133439K [0x0000000080000000, 0x0000000100000000)
  region size 1024K, 37 young (37888K), 6 survivors (6144K)
 Metaspace       used 98681K, committed 99328K, reserved 1179648K
  class space    used 13624K, committed 13952K, reserved 1048576K
}
Event: 12.125 GC heap after
{Heap after GC invocations=44 (full 0):
 garbage-first heap   total 161792K, used 107741K [0x0000000080000000, 0x0000000100000000)
  region size 1024K, 5 young (5120K), 5 survivors (5120K)
 Metaspace       used 98681K, committed 99328K, reserved 1179648K
  class space    used 13624K, committed 13952K, reserved 1048576K
}
Event: 12.266 GC heap before
{Heap before GC invocations=44 (full 0):
 garbage-first heap   total 161792K, used 134365K [0x0000000080000000, 0x0000000100000000)
  region size 1024K, 31 young (31744K), 5 survivors (5120K)
 Metaspace       used 98778K, committed 99456K, reserved 1179648K
  class space    used 13625K, committed 13952K, reserved 1048576K
}
Event: 12.272 GC heap after
{Heap after GC invocations=45 (full 0):
 garbage-first heap   total 161792K, used 110418K [0x0000000080000000, 0x0000000100000000)
  region size 1024K, 4 young (4096K), 4 survivors (4096K)
 Metaspace       used 98778K, committed 99456K, reserved 1179648K
  class space    used 13625K, committed 13952K, reserved 1048576K
}

