# JRE version: OpenJDK Runtime Environment (17.0.7) (build 17.0.7+0-b2043.56-10550314)
# Java VM: OpenJDK 64-Bit Server VM (17.0.7+0-b2043.56-10550314, mixed mode, tiered, compressed oops, compressed class ptrs, g1 gc, windows-amd64)
GC Precious Log:
 CPUs: 16 total, 16 available
 Memory: 7893M
 Large Page Support: Disabled
 NUMA Support: Disabled
 Compressed Oops: Enabled (32-bit)
 Heap Region Size: 1M
 Heap Min Capacity: 8M
 Heap Initial Capacity: 124M
 Heap Max Capacity: 2G
 Pre-touch: Disabled
 Parallel Workers: 13
 Concurrent Workers: 3
 Concurrent Refinement Workers: 13
 Periodic GC: Disabled
Heap:
 garbage-first heap   total 156672K, used 84320K [0x0000000080000000, 0x0000000100000000)
  region size 1024K, 2 young (2048K), 2 survivors (2048K)
 Metaspace       used 83660K, committed 84224K, reserved 1179648K
  class space    used 11460K, committed 11712K, reserved 1048576K
GC Heap History (20 events):
Event: 5.179 GC heap after
{Heap after GC invocations=21 (full 0):
 garbage-first heap   total 109568K, used 61954K [0x0000000080000000, 0x0000000100000000)
  region size 1024K, 2 young (2048K), 2 survivors (2048K)
 Metaspace       used 62063K, committed 62592K, reserved 1114112K
  class space    used 8316K, committed 8576K, reserved 1048576K
}
Event: 5.218 GC heap before
{Heap before GC invocations=21 (full 0):
 garbage-first heap   total 109568K, used 65026K [0x0000000080000000, 0x0000000100000000)
  region size 1024K, 5 young (5120K), 2 survivors (2048K)
 Metaspace       used 62520K, committed 63040K, reserved 1114112K
  class space    used 8392K, committed 8640K, reserved 1048576K
}
Event: 5.221 GC heap after
{Heap after GC invocations=22 (full 0):
 garbage-first heap   total 109568K, used 62066K [0x0000000080000000, 0x0000000100000000)
  region size 1024K, 1 young (1024K), 1 survivors (1024K)
 Metaspace       used 62520K, committed 63040K, reserved 1114112K
  class space    used 8392K, committed 8640K, reserved 1048576K
}
Event: 5.411 GC heap before
{Heap before GC invocations=22 (full 0):
 garbage-first heap   total 109568K, used 76402K [0x0000000080000000, 0x0000000100000000)
  region size 1024K, 17 young (17408K), 1 survivors (1024K)
 Metaspace       used 65706K, committed 66240K, reserved 1114112K
  class space    used 8781K, committed 9024K, reserved 1048576K
}
Event: 5.413 GC heap after
{Heap after GC invocations=23 (full 0):
 garbage-first heap   total 109568K, used 63846K [0x0000000080000000, 0x0000000100000000)
  region size 1024K, 3 young (3072K), 3 survivors (3072K)
 Metaspace       used 65706K, committed 66240K, reserved 1114112K
  class space    used 8781K, committed 9024K, reserved 1048576K
}
Event: 5.559 GC heap before
{Heap before GC invocations=24 (full 0):
 garbage-first heap   total 130048K, used 92518K [0x0000000080000000, 0x0000000100000000)
  region size 1024K, 26 young (26624K), 3 survivors (3072K)
 Metaspace       used 66685K, committed 67264K, reserved 1114112K
  class space    used 8917K, committed 9216K, reserved 1048576K
}
Event: 5.563 GC heap after
{Heap after GC invocations=25 (full 0):
 garbage-first heap   total 156672K, used 66329K [0x0000000080000000, 0x0000000100000000)
  region size 1024K, 4 young (4096K), 4 survivors (4096K)
 Metaspace       used 66685K, committed 67264K, reserved 1114112K
  class space    used 8917K, committed 9216K, reserved 1048576K
}
Event: 5.590 GC heap before
{Heap before GC invocations=25 (full 0):
 garbage-first heap   total 156672K, used 69401K [0x0000000080000000, 0x0000000100000000)
  region size 1024K, 7 young (7168K), 4 survivors (4096K)
 Metaspace       used 66914K, committed 67456K, reserved 1114112K
  class space    used 8946K, committed 9216K, reserved 1048576K
}
Event: 5.593 GC heap after
{Heap after GC invocations=26 (full 0):
 garbage-first heap   total 156672K, used 66810K [0x0000000080000000, 0x0000000100000000)
  region size 1024K, 1 young (1024K), 1 survivors (1024K)
 Metaspace       used 66914K, committed 67456K, reserved 1114112K
  class space    used 8946K, committed 9216K, reserved 1048576K
}
Event: 5.959 GC heap before
{Heap before GC invocations=26 (full 0):
 garbage-first heap   total 156672K, used 111866K [0x0000000080000000, 0x0000000100000000)
  region size 1024K, 45 young (46080K), 1 survivors (1024K)
 Metaspace       used 70299K, committed 70848K, reserved 1114112K
  class space    used 9410K, committed 9664K, reserved 1048576K
}
Event: 5.962 GC heap after
{Heap after GC invocations=27 (full 0):
 garbage-first heap   total 156672K, used 69171K [0x0000000080000000, 0x0000000100000000)
  region size 1024K, 3 young (3072K), 3 survivors (3072K)
 Metaspace       used 70299K, committed 70848K, reserved 1114112K
  class space    used 9410K, committed 9664K, reserved 1048576K
}
Event: 6.352 GC heap before
{Heap before GC invocations=27 (full 0):
 garbage-first heap   total 156672K, used 120371K [0x0000000080000000, 0x0000000100000000)
  region size 1024K, 49 young (50176K), 3 survivors (3072K)
 Metaspace       used 75198K, committed 75776K, reserved 1114112K
  class space    used 10087K, committed 10368K, reserved 1048576K
}
Event: 6.354 GC heap after
{Heap after GC invocations=28 (full 0):
 garbage-first heap   total 156672K, used 76322K [0x0000000080000000, 0x0000000100000000)
  region size 1024K, 6 young (6144K), 6 survivors (6144K)
 Metaspace       used 75198K, committed 75776K, reserved 1114112K
  class space    used 10087K, committed 10368K, reserved 1048576K
}
Event: 6.707 GC heap before
{Heap before GC invocations=28 (full 0):
 garbage-first heap   total 156672K, used 120354K [0x0000000080000000, 0x0000000100000000)
  region size 1024K, 49 young (50176K), 6 survivors (6144K)
 Metaspace       used 77963K, committed 78592K, reserved 1179648K
  class space    used 10463K, committed 10752K, reserved 1048576K
}
Event: 6.713 GC heap after
{Heap after GC invocations=29 (full 0):
 garbage-first heap   total 156672K, used 81047K [0x0000000080000000, 0x0000000100000000)
  region size 1024K, 7 young (7168K), 7 survivors (7168K)
 Metaspace       used 77963K, committed 78592K, reserved 1179648K
  class space    used 10463K, committed 10752K, reserved 1048576K
}
Event: 7.106 GC heap before
{Heap before GC invocations=30 (full 0):
 garbage-first heap   total 156672K, used 122007K [0x0000000080000000, 0x0000000100000000)
  region size 1024K, 47 young (48128K), 7 survivors (7168K)
 Metaspace       used 80161K, committed 80768K, reserved 1179648K
  class space    used 10770K, committed 11008K, reserved 1048576K
}
Event: 7.110 GC heap after
{Heap after GC invocations=31 (full 0):
 garbage-first heap   total 156672K, used 83697K [0x0000000080000000, 0x0000000100000000)
  region size 1024K, 4 young (4096K), 4 survivors (4096K)
 Metaspace       used 80161K, committed 80768K, reserved 1179648K
  class space    used 10770K, committed 11008K, reserved 1048576K
}
Event: 7.137 GC heap before
{Heap before GC invocations=31 (full 0):
 garbage-first heap   total 156672K, used 86769K [0x0000000080000000, 0x0000000100000000)
  region size 1024K, 7 young (7168K), 4 survivors (4096K)
 Metaspace       used 80393K, committed 81024K, reserved 1179648K
  class space    used 10791K, committed 11072K, reserved 1048576K
}
Event: 7.140 GC heap after
{Heap after GC invocations=32 (full 0):
 garbage-first heap   total 156672K, used 83800K [0x0000000080000000, 0x0000000100000000)
  region size 1024K, 1 young (1024K), 1 survivors (1024K)
 Metaspace       used 80393K, committed 81024K, reserved 1179648K
  class space    used 10791K, committed 11072K, reserved 1048576K
}
Event: 7.537 GC heap before
{Heap before GC invocations=32 (full 0):
 garbage-first heap   total 156672K, used 124760K [0x0000000080000000, 0x0000000100000000)
  region size 1024K, 41 young (41984K), 1 survivors (1024K)
 Metaspace       used 83660K, committed 84224K, reserved 1179648K
  class space    used 11460K, committed 11712K, reserved 1048576K
}

